<?xml version="1.0" encoding="UTF-8"?>
<!-- Generated by org.testng.reporters.JUnitReportReporter -->
<testsuite hostname="TYC1221031" failures="0" tests="1" name="Demo.Sample3Test" time="0.010" errors="0" timestamp="2023-11-29T16:06:50 IST" skipped="0">
  <testcase classname="Demo.Sample3Test" name="s3Test" time="0.010"/>
  <system-out/>
</testsuite> <!-- Demo.Sample3Test -->
