<?xml version="1.0" encoding="UTF-8"?>
<!-- Generated by org.testng.reporters.JUnitReportReporter -->
<testsuite hostname="TYC1221031" failures="0" tests="1" name="Demo.Sample1Test" time="0.008" errors="0" timestamp="2023-11-29T15:50:36 IST" skipped="0">
  <testcase classname="Demo.Sample1Test" name="s1Test" time="0.008"/>
  <system-out/>
</testsuite> <!-- Demo.Sample1Test -->
